<?xml version="1.0" encoding="UTF-8" ?>
<testsuite errors="1" failures="0" hostname="BAB1600987" name="com.datapps.qa.service.test.ServiceInterfaceCaseTest" skipped="0" tests="4" time="112.933" timestamp="2017-07-17T14:03:26">
  <properties>
[...]
</properties>
  <testcase classname="com.datapps.qa.service.test.ServiceInterfaceCaseTest" name="doTest[0][union_false]" time="52.465" />
  <testcase classname="com.datapps.qa.service.test.ServiceInterfaceCaseTest" name="doTest[1][union_hive]" time="2.904">
    <error message="Index: 0, Size: 0" type="java.lang.IndexOutOfBoundsException">java.lang.IndexOutOfBoundsException: Index: 0, Size: 0
	at java.util.ArrayList.rangeCheck(Unknown Source)
	at java.util.ArrayList.get(Unknown Source)
	at net.sf.json.JSONArray.get(JSONArray.java:1903)
	at net.sf.json.JSONArray.getJSONObject(JSONArray.java:1992)
	at com.datapps.qa.service.test.ServiceInterfaceCaseTest.testCase(Unknown Source)
	at com.datapps.qa.service.test.ServiceInterfaceCaseTest.doTest(Unknown Source)
	at java.util.concurrent.FutureTask.run(Unknown Source)
	at java.lang.Thread.run(Unknown Source)
</error>
  </testcase>
  <testcase classname="com.datapps.qa.service.test.ServiceInterfaceCaseTest" name="doTest[2][union_true]" time="57.413" />
  <testcase classname="com.datapps.qa.service.test.ServiceInterfaceCaseTest" name="doTest[3][clean]" time="0.064" />
  <system-out><![CDATA[load configuration from config.properties
Test configuration: 
  Version : zebra-3.0.0.19-20170717
  BaseUrl : http://default:8512
  LoginApi: /api/auth/login
  UserName: admin
  Password: 123456
  CasePath: case
  Cases   : union
test cases location: case
execute case: union_false
execute case: union_hive
execute case: union_true
execute case: clean
]]></system-out>
  <system-err><![CDATA[]]></system-err>
</testsuite>
