<?xml version="1.0" encoding="UTF-8" ?>
<testsuite errors="0" failures="0" hostname="PC-201706301756" name="com.datapps.qa.service.test.ServiceInterfaceCaseTest" skipped="0" tests="1" time="43.391" timestamp="2018-02-24T10:26:19">
  <properties>
[...]
</properties>
  <testcase classname="com.datapps.qa.service.test.ServiceInterfaceCaseTest" name="doTest[0][join_dataflow_left_outer]" time="43.355" />
  <system-out><![CDATA[load configuration from config.properties
Test configuration: 
  Version : _carpo-default-version_
  BaseUrl : http://192.168.145.225:17510
  LoginApi: /api/auth/login
  UserName: admin
  Password: 123456
  CasePath: case
  Cases   : debug
test cases location: case
execute case: join_dataflow_left_outer
]]></system-out>
  <system-err><![CDATA[]]></system-err>
</testsuite>
